\BOOKMARK [0][-]{section*.4}{فهرست اشکال}{}% 1
\BOOKMARK [0][-]{section*.5}{فهرست جداول}{}% 2
\BOOKMARK [0][-]{chapter.1}{یادگیری تقویتی}{}% 3
\BOOKMARK [1][-]{section.1.1}{تست}{chapter.1}% 4
\BOOKMARK [0][-]{chapter.2}{جزئیات فنی پروژه}{}% 5
\BOOKMARK [1][-]{section.2.1}{مقدمه}{chapter.2}% 6
\BOOKMARK [1][-]{section.2.2}{دورنمای کلی طرح}{chapter.2}% 7
\BOOKMARK [2][-]{subsection.2.2.1}{تقسیم بندی وظایف هر بخش}{section.2.2}% 8
\BOOKMARK [1][-]{section.2.3}{معرفی نرم افزار پری‌اسکن}{chapter.2}% 9
\BOOKMARK [2][-]{subsection.2.3.1}{بخش های مختلف نرم افزار پری‌اسکن}{section.2.3}% 10
\BOOKMARK [2][-]{subsection.2.3.2}{فرمت های فایل های خروجی}{section.2.3}% 11
\BOOKMARK [1][-]{section.2.4}{بررسی دقیق‌تر فایل سیمولینک}{chapter.2}% 12
\BOOKMARK [2][-]{subsection.2.4.1}{معرفی بلوک Environment و بررسی جزییات آن }{section.2.4}% 13
\BOOKMARK [2][-]{subsection.2.4.2}{بررسی ساختار داده های ارسالی و کد آن در سیمولینک}{section.2.4}% 14
\BOOKMARK [1][-]{section.2.5}{بررسی جزییات بخش پایتون}{chapter.2}% 15
\BOOKMARK [2][-]{subsection.2.5.1}{معرفی لایه های کد پایتون}{section.2.5}% 16
\BOOKMARK [1][-]{section.2.6}{بررسی دقیق تر برخی چالش های فنی پروژه}{chapter.2}% 17
\BOOKMARK [0][-]{appendix*.6}{منابع و مراجع}{}% 18
\BOOKMARK [0][-]{appendix*.7}{پیوست}{}% 19
\BOOKMARK [0][-]{appendix*.9}{واژه‌نامه‌ی فارسی به انگلیسی}{}% 20
\BOOKMARK [0][-]{appendix*.10}{واژه‌نامه‌ی انگلیسی به فارسی}{}% 21
